This file contains any messages produced by compilers while
running configure, to aid debugging if configure makes a mistake.

It was created by PHP configure 8.1.26, which was
generated by GNU Autoconf 2.71.  Invocation command line was

  $ /c/Program Files/php-8.1.26/configure

## --------- ##
## Platform. ##
## --------- ##

hostname = DESKTOP-AI22BKG
uname -m = x86_64
uname -r = 3.4.7-25de8b84.x86_64
uname -s = MINGW64_NT-10.0-22000
uname -v = 2023-08-28 21:32 UTC

/usr/bin/uname -p = unknown
/bin/uname -X     = unknown

/bin/arch              = x86_64
/usr/bin/arch -k       = unknown
/usr/convex/getsysinfo = unknown
/usr/bin/hostinfo      = unknown
/bin/machine           = unknown
/usr/bin/oslevel       = unknown
/bin/universe          = unknown

PATH: /c/Users/Hakim/bin/
PATH: /mingw64/bin/
PATH: /usr/local/bin/
PATH: /usr/bin/
PATH: /bin/
PATH: /mingw64/bin/
PATH: /usr/bin/
PATH: /c/Users/Hakim/bin/
PATH: /c/Program Files/Common Files/Oracle/Java/javapath/
PATH: /c/Program Files (x86)/Common Files/Oracle/Java/javapath/
PATH: /c/Windows/system32/
PATH: /c/Windows/
PATH: /c/Windows/System32/Wbem/
PATH: /c/Windows/System32/WindowsPowerShell/v1.0/
PATH: /c/Windows/System32/OpenSSH/
PATH: /c/Program Files/Microsoft SQL Server/150/Tools/Binn/
PATH: /c/Program Files/Microsoft SQL Server/Client SDK/ODBC/170/Tools/Binn/
PATH: /c/Program Files/dotnet/
PATH: /c/Program Files/nodejs/
PATH: /c/Program Files/NVIDIA Corporation/NVIDIA NvDLISR/
PATH: /c/Program Files (x86)/NVIDIA Corporation/PhysX/Common/
PATH: /cmd/
PATH: /c/xampp/php/
PATH: /c/ProgramData/ComposerSetup/bin/
PATH: /c/Program Files/php-8.1.26/
PATH: /d/3emeAnnee/Naina/Bat/
PATH: /c/Users/Hakim/AppData/Local/Microsoft/WindowsApps/
PATH: /c/Program Files/Java/jdk-20/bin/
PATH: /c/Users/Hakim/AppData/Local/Programs/Microsoft VS Code/bin/
PATH: /c/Users/Hakim/.dotnet/tools/
PATH: /c/Users/Hakim/AppData/Roaming/npm/
PATH: /c/Users/Hakim/AppData/Roaming/Composer/vendor/bin/
PATH: /c/Program Files/JetBrains/IntelliJ IDEA 2023.2.2/bin/
PATH: /usr/bin/vendor_perl/
PATH: /usr/bin/core_perl/


## ----------- ##
## Core tests. ##
## ----------- ##

configure:3897: looking for aux files: config.guess config.sub
configure:3910:  trying /c/Program Files/php-8.1.26/build/
configure:3939:   /c/Program Files/php-8.1.26/build/config.guess found
configure:3939:   /c/Program Files/php-8.1.26/build/config.sub found
configure:4056: checking for grep that handles long lines and -e
configure:4120: result: /usr/bin/grep
configure:4125: checking for egrep
configure:4193: result: /usr/bin/grep -E
configure:4198: checking for a sed that does not truncate output
configure:4268: result: /usr/bin/sed
configure:4354: checking build system type
configure:4369: result: x86_64-pc-mingw64
configure:4389: checking host system type
configure:4403: result: x86_64-pc-mingw64
configure:4423: checking target system type
configure:4437: result: x86_64-pc-mingw64
configure:4601: checking for pkg-config
configure:4639: result: no
configure:4740: checking for cc
configure:4775: result: no
configure:4740: checking for gcc
configure:4775: result: no
configure:4797: error: in `/d/3emeAnnee/Rojo/ProjetFinalS5/vaika/vaika':
configure:4799: error: no acceptable C compiler found in $PATH
See `config.log' for more details

## ---------------- ##
## Cache variables. ##
## ---------------- ##

ac_cv_build=x86_64-pc-mingw64
ac_cv_env_ARGON2_CFLAGS_set=
ac_cv_env_ARGON2_CFLAGS_value=
ac_cv_env_ARGON2_LIBS_set=
ac_cv_env_ARGON2_LIBS_value=
ac_cv_env_AVIF_CFLAGS_set=
ac_cv_env_AVIF_CFLAGS_value=
ac_cv_env_AVIF_LIBS_set=
ac_cv_env_AVIF_LIBS_value=
ac_cv_env_CAPSTONE_CFLAGS_set=
ac_cv_env_CAPSTONE_CFLAGS_value=
ac_cv_env_CAPSTONE_LIBS_set=
ac_cv_env_CAPSTONE_LIBS_value=
ac_cv_env_CCC_set=
ac_cv_env_CCC_value=
ac_cv_env_CC_set=
ac_cv_env_CC_value=
ac_cv_env_CFLAGS_set=
ac_cv_env_CFLAGS_value=
ac_cv_env_CPPFLAGS_set=
ac_cv_env_CPPFLAGS_value=
ac_cv_env_CPP_set=
ac_cv_env_CPP_value=
ac_cv_env_CURL_CFLAGS_set=
ac_cv_env_CURL_CFLAGS_value=
ac_cv_env_CURL_FEATURES_set=
ac_cv_env_CURL_FEATURES_value=
ac_cv_env_CURL_LIBS_set=
ac_cv_env_CURL_LIBS_value=
ac_cv_env_CXXCPP_set=
ac_cv_env_CXXCPP_value=
ac_cv_env_CXXFLAGS_set=
ac_cv_env_CXXFLAGS_value=
ac_cv_env_CXX_set=
ac_cv_env_CXX_value=
ac_cv_env_EDIT_CFLAGS_set=
ac_cv_env_EDIT_CFLAGS_value=
ac_cv_env_EDIT_LIBS_set=
ac_cv_env_EDIT_LIBS_value=
ac_cv_env_ENCHANT2_CFLAGS_set=
ac_cv_env_ENCHANT2_CFLAGS_value=
ac_cv_env_ENCHANT2_LIBS_set=
ac_cv_env_ENCHANT2_LIBS_value=
ac_cv_env_ENCHANT_CFLAGS_set=
ac_cv_env_ENCHANT_CFLAGS_value=
ac_cv_env_ENCHANT_LIBS_set=
ac_cv_env_ENCHANT_LIBS_value=
ac_cv_env_EXPAT_CFLAGS_set=
ac_cv_env_EXPAT_CFLAGS_value=
ac_cv_env_EXPAT_LIBS_set=
ac_cv_env_EXPAT_LIBS_value=
ac_cv_env_EXSLT_CFLAGS_set=
ac_cv_env_EXSLT_CFLAGS_value=
ac_cv_env_EXSLT_LIBS_set=
ac_cv_env_EXSLT_LIBS_value=
ac_cv_env_FFI_CFLAGS_set=
ac_cv_env_FFI_CFLAGS_value=
ac_cv_env_FFI_LIBS_set=
ac_cv_env_FFI_LIBS_value=
ac_cv_env_FREETYPE2_CFLAGS_set=
ac_cv_env_FREETYPE2_CFLAGS_value=
ac_cv_env_FREETYPE2_LIBS_set=
ac_cv_env_FREETYPE2_LIBS_value=
ac_cv_env_GDLIB_CFLAGS_set=
ac_cv_env_GDLIB_CFLAGS_value=
ac_cv_env_GDLIB_LIBS_set=
ac_cv_env_GDLIB_LIBS_value=
ac_cv_env_ICU_CFLAGS_set=
ac_cv_env_ICU_CFLAGS_value=
ac_cv_env_ICU_LIBS_set=
ac_cv_env_ICU_LIBS_value=
ac_cv_env_JPEG_CFLAGS_set=
ac_cv_env_JPEG_CFLAGS_value=
ac_cv_env_JPEG_LIBS_set=
ac_cv_env_JPEG_LIBS_value=
ac_cv_env_KERBEROS_CFLAGS_set=
ac_cv_env_KERBEROS_CFLAGS_value=
ac_cv_env_KERBEROS_LIBS_set=
ac_cv_env_KERBEROS_LIBS_value=
ac_cv_env_LDFLAGS_set=
ac_cv_env_LDFLAGS_value=
ac_cv_env_LIBSODIUM_CFLAGS_set=
ac_cv_env_LIBSODIUM_CFLAGS_value=
ac_cv_env_LIBSODIUM_LIBS_set=
ac_cv_env_LIBSODIUM_LIBS_value=
ac_cv_env_LIBS_set=
ac_cv_env_LIBS_value=
ac_cv_env_LIBXML_CFLAGS_set=
ac_cv_env_LIBXML_CFLAGS_value=
ac_cv_env_LIBXML_LIBS_set=
ac_cv_env_LIBXML_LIBS_value=
ac_cv_env_LIBZIP_CFLAGS_set=
ac_cv_env_LIBZIP_CFLAGS_value=
ac_cv_env_LIBZIP_LIBS_set=
ac_cv_env_LIBZIP_LIBS_value=
ac_cv_env_ODBC_CFLAGS_set=
ac_cv_env_ODBC_CFLAGS_value=
ac_cv_env_ODBC_LIBS_set=
ac_cv_env_ODBC_LIBS_value=
ac_cv_env_ONIG_CFLAGS_set=
ac_cv_env_ONIG_CFLAGS_value=
ac_cv_env_ONIG_LIBS_set=
ac_cv_env_ONIG_LIBS_value=
ac_cv_env_OPENSSL_CFLAGS_set=
ac_cv_env_OPENSSL_CFLAGS_value=
ac_cv_env_OPENSSL_LIBS_set=
ac_cv_env_OPENSSL_LIBS_value=
ac_cv_env_PCRE2_CFLAGS_set=
ac_cv_env_PCRE2_CFLAGS_value=
ac_cv_env_PCRE2_LIBS_set=
ac_cv_env_PCRE2_LIBS_value=
ac_cv_env_PKG_CONFIG_LIBDIR_set=
ac_cv_env_PKG_CONFIG_LIBDIR_value=
ac_cv_env_PKG_CONFIG_PATH_set=set
ac_cv_env_PKG_CONFIG_PATH_value=/mingw64/lib/pkgconfig:/mingw64/share/pkgconfig
ac_cv_env_PKG_CONFIG_set=
ac_cv_env_PKG_CONFIG_value=
ac_cv_env_PNG_CFLAGS_set=
ac_cv_env_PNG_CFLAGS_value=
ac_cv_env_PNG_LIBS_set=
ac_cv_env_PNG_LIBS_value=
ac_cv_env_SASL_CFLAGS_set=
ac_cv_env_SASL_CFLAGS_value=
ac_cv_env_SASL_LIBS_set=
ac_cv_env_SASL_LIBS_value=
ac_cv_env_SQLITE_CFLAGS_set=
ac_cv_env_SQLITE_CFLAGS_value=
ac_cv_env_SQLITE_LIBS_set=
ac_cv_env_SQLITE_LIBS_value=
ac_cv_env_SYSTEMD_CFLAGS_set=
ac_cv_env_SYSTEMD_CFLAGS_value=
ac_cv_env_SYSTEMD_LIBS_set=
ac_cv_env_SYSTEMD_LIBS_value=
ac_cv_env_VALGRIND_CFLAGS_set=
ac_cv_env_VALGRIND_CFLAGS_value=
ac_cv_env_VALGRIND_LIBS_set=
ac_cv_env_VALGRIND_LIBS_value=
ac_cv_env_WEBP_CFLAGS_set=
ac_cv_env_WEBP_CFLAGS_value=
ac_cv_env_WEBP_LIBS_set=
ac_cv_env_WEBP_LIBS_value=
ac_cv_env_XPM_CFLAGS_set=
ac_cv_env_XPM_CFLAGS_value=
ac_cv_env_XPM_LIBS_set=
ac_cv_env_XPM_LIBS_value=
ac_cv_env_XSL_CFLAGS_set=
ac_cv_env_XSL_CFLAGS_value=
ac_cv_env_XSL_LIBS_set=
ac_cv_env_XSL_LIBS_value=
ac_cv_env_ZLIB_CFLAGS_set=
ac_cv_env_ZLIB_CFLAGS_value=
ac_cv_env_ZLIB_LIBS_set=
ac_cv_env_ZLIB_LIBS_value=
ac_cv_env_build_alias_set=
ac_cv_env_build_alias_value=
ac_cv_env_host_alias_set=
ac_cv_env_host_alias_value=
ac_cv_env_target_alias_set=
ac_cv_env_target_alias_value=
ac_cv_host=x86_64-pc-mingw64
ac_cv_path_EGREP='/usr/bin/grep -E'
ac_cv_path_GREP=/usr/bin/grep
ac_cv_path_SED=/usr/bin/sed
ac_cv_target=x86_64-pc-mingw64

## ----------------- ##
## Output variables. ##
## ----------------- ##

ALLOCA=''
AR=''
ARGON2_CFLAGS=''
ARGON2_LIBS=''
AR_FLAGS=''
AVIF_CFLAGS=''
AVIF_LIBS=''
AWK=''
BUILD_CC=''
CAPSTONE_CFLAGS=''
CAPSTONE_LIBS=''
CC=''
CFLAGS=''
CONFIGURE_COMMAND=' '\''/c/Program Files/php-8.1.26/configure'\''  '\''PKG_CONFIG_PATH=/mingw64/lib/pkgconfig:/mingw64/share/pkgconfig'\'''
CONFIGURE_OPTIONS=' '\''PKG_CONFIG_PATH=/mingw64/lib/pkgconfig:/mingw64/share/pkgconfig'\'''
CPP=''
CPPFLAGS=''
CURL_CFLAGS=''
CURL_FEATURES=''
CURL_LIBS=''
CXX=''
CXXCPP=''
CXXFLAGS=''
DEBUG_CFLAGS=''
DEFS=''
DSYMUTIL=''
ECHO='echo'
ECHO_C=''
ECHO_N='-n'
ECHO_T=''
EDIT_CFLAGS=''
EDIT_LIBS=''
EGREP='/usr/bin/grep -E'
ENCHANT2_CFLAGS=''
ENCHANT2_LIBS=''
ENCHANT_CFLAGS=''
ENCHANT_LIBS=''
EXEEXT=''
EXPANDED_BINDIR=''
EXPANDED_DATADIR=''
EXPANDED_EXTENSION_DIR=''
EXPANDED_LIBDIR=''
EXPANDED_LOCALSTATEDIR=''
EXPANDED_MANDIR=''
EXPANDED_PEAR_INSTALLDIR=''
EXPANDED_PHP_CONFIG_FILE_PATH=''
EXPANDED_PHP_CONFIG_FILE_SCAN_DIR=''
EXPANDED_SBINDIR=''
EXPANDED_SYSCONFDIR=''
EXPAT_CFLAGS=''
EXPAT_LIBS=''
EXSLT_CFLAGS=''
EXSLT_LIBS=''
EXTENSION_DIR=''
EXTRA_INCLUDES=''
EXTRA_LDFLAGS=''
EXTRA_LDFLAGS_PROGRAM=''
EXTRA_LIBS=''
FB_CONFIG=''
FFI_CFLAGS=''
FFI_LIBS=''
FREETYPE2_CFLAGS=''
FREETYPE2_LIBS=''
GDLIB_CFLAGS=''
GDLIB_LIBS=''
GREP='/usr/bin/grep'
HAVE_CXX11=''
ICU_CFLAGS=''
ICU_LIBS=''
INCLUDES=''
INCLUDE_PATH=''
INSTALL_IT=''
JPEG_CFLAGS=''
JPEG_LIBS=''
KERBEROS_CFLAGS=''
KERBEROS_LIBS=''
LDFLAGS=''
LIBOBJS=''
LIBS=''
LIBSODIUM_CFLAGS=''
LIBSODIUM_LIBS=''
LIBTOOL=''
LIBXML_CFLAGS=''
LIBXML_LIBS=''
LIBZIP_CFLAGS=''
LIBZIP_LIBS=''
LN_S=''
LTLIBOBJS=''
NATIVE_RPATHS=''
NMEDIT=''
OBJEXT=''
OCI8_DIR=''
OCI8_ORACLE_VERSION=''
OCI8_SHARED_LIBADD=''
ODBC_CFLAGS=''
ODBC_LFLAGS=''
ODBC_LIBS=''
ODBC_TYPE=''
ONIG_CFLAGS=''
ONIG_LIBS=''
OPENSSL_CFLAGS=''
OPENSSL_LIBS=''
PACKAGE_BUGREPORT='https://github.com/php/php-src/issues'
PACKAGE_NAME='PHP'
PACKAGE_STRING='PHP 8.1.26'
PACKAGE_TARNAME='php'
PACKAGE_URL='https://www.php.net'
PACKAGE_VERSION='8.1.26'
PATH_SEPARATOR=':'
PCRE2_CFLAGS=''
PCRE2_LIBS=''
PDO_MYSQL_MODULE_TYPE=''
PDO_OCI_DIR=''
PDO_OCI_SHARED_LIBADD=''
PDO_OCI_VERSION=''
PEAR_INSTALLDIR=''
PHP=''
PHP_INSTALLED_SAPIS=''
PHP_LDFLAGS=''
PHP_LIBS=''
PHP_VERSION='8.1.26'
PHP_VERSION_ID='80126'
PKG_CONFIG=''
PKG_CONFIG_LIBDIR=''
PKG_CONFIG_PATH='/mingw64/lib/pkgconfig:/mingw64/share/pkgconfig'
PNG_CFLAGS=''
PNG_LIBS=''
PROG_SENDMAIL=''
RANLIB=''
RE2C=''
SASL_CFLAGS=''
SASL_LIBS=''
SED='/usr/bin/sed'
SHELL='/bin/sh'
SHLIB_DL_SUFFIX_NAME=''
SHLIB_SUFFIX_NAME=''
SNMP_CONFIG=''
SQLITE_CFLAGS=''
SQLITE_LIBS=''
STRIP=''
SYSTEMD_CFLAGS=''
SYSTEMD_LIBS=''
VALGRIND_CFLAGS=''
VALGRIND_LIBS=''
WEBP_CFLAGS=''
WEBP_LIBS=''
XPM_CFLAGS=''
XPM_LIBS=''
XSL_CFLAGS=''
XSL_LIBS=''
YACC=''
YFLAGS=''
ZEND_EXTRA_LIBS=''
ZLIB_CFLAGS=''
ZLIB_LIBS=''
abs_builddir='/d/3emeAnnee/Rojo/ProjetFinalS5/vaika/vaika'
abs_srcdir='/d/3emeAnnee/Rojo/ProjetFinalS5/vaika/vaika'
ac_ct_CC=''
ac_ct_CXX=''
bindir='${exec_prefix}/bin'
build='x86_64-pc-mingw64'
build_alias=''
build_cpu='x86_64'
build_os='mingw64'
build_vendor='pc'
datadir='${datarootdir}'
datarootdir='${prefix}/share'
docdir='${datarootdir}/doc/${PACKAGE_TARNAME}'
dvidir='${docdir}'
exec_prefix='NONE'
host='x86_64-pc-mingw64'
host_alias='x86_64-pc-mingw64'
host_cpu='x86_64'
host_os='mingw64'
host_vendor='pc'
htmldir='${docdir}'
includedir='${prefix}/include'
infodir='${datarootdir}/info'
libdir='${exec_prefix}/lib'
libexecdir='${exec_prefix}/libexec'
localedir='${datarootdir}/locale'
localstatedir='${prefix}/var'
mandir='${datarootdir}/man'
oldincludedir='/usr/include'
pdfdir='${docdir}'
php_fpm_group=''
php_fpm_localstatedir=''
php_fpm_prefix=''
php_fpm_sysconfdir=''
php_fpm_systemd=''
php_fpm_user=''
prefix='NONE'
program_prefix='NONE'
program_suffix='NONE'
program_transform_name='s,x,x,'
psdir='${docdir}'
runstatedir='${localstatedir}/run'
sbindir='${exec_prefix}/sbin'
sharedstatedir='${prefix}/com'
sysconfdir='${prefix}/etc'
target='x86_64-pc-mingw64'
target_alias=''
target_cpu='x86_64'
target_os='mingw64'
target_vendor='pc'

## ----------- ##
## confdefs.h. ##
## ----------- ##

/* confdefs.h */
#define PACKAGE_NAME "PHP"
#define PACKAGE_TARNAME "php"
#define PACKAGE_VERSION "8.1.26"
#define PACKAGE_STRING "PHP 8.1.26"
#define PACKAGE_BUGREPORT "https://github.com/php/php-src/issues"
#define PACKAGE_URL "https://www.php.net"

configure: exit 1
